<?xml version="1.0" encoding="UTF-8"?>
<!-- Generated by org.testng.reporters.JUnitReportReporter -->
<testsuite hostname="DESKTOP-I4FDV2H" failures="0" tests="1" name="UseHTMLPage" time="4.383" errors="0" timestamp="2024-08-03T15:55:06 EET" skipped="0">
  <testcase classname="UseHTMLPage" name="tests" time="4.383"/>
  <system-out/>
</testsuite> <!-- UseHTMLPage -->
