<?xml version="1.0" encoding="UTF-8"?>
<!-- Generated by org.testng.reporters.JUnitReportReporter -->
<testsuite hostname="DESKTOP-I4FDV2H" failures="0" tests="5" name="Lesson5Java.DomainWithArrays" time="11.281" errors="0" timestamp="2024-08-06T00:46:46 EET" skipped="0">
  <testcase classname="Lesson5Java.DomainWithArrays" name="howToUseArrayForDomain" time="1.774"/>
  <system-out/>
  <testcase classname="Lesson5Java.DomainWithArrays" name="howToUseArrayForDomain" time="1.646"/>
  <system-out/>
  <testcase classname="Lesson5Java.DomainWithArrays" name="howToUseArrayForDomain" time="1.770"/>
  <system-out/>
  <testcase classname="Lesson5Java.DomainWithArrays" name="howToUseArrayForDomain" time="3.545"/>
  <system-out/>
  <testcase classname="Lesson5Java.DomainWithArrays" name="howToUseArrayForDomain" time="2.546"/>
  <system-out/>
</testsuite> <!-- Lesson5Java.DomainWithArrays -->
