<?xml version="1.0" encoding="UTF-8"?>
<!-- Generated by org.testng.reporters.JUnitReportReporter -->
<testsuite hostname="DESKTOP-I4FDV2H" failures="0" tests="3" name="Lesson5Java.MyWebsite" time="21.129" errors="0" timestamp="2024-08-10T19:48:36 EET" skipped="0">
  <testcase classname="Lesson5Java.MyWebsite" name="parameter" time="9.606"/>
  <system-out/>
  <testcase classname="Lesson5Java.MyWebsite" name="logout" time="2.037"/>
  <system-out/>
  <testcase classname="Lesson5Java.MyWebsite" name="login" time="9.486"/>
  <system-out/>
</testsuite> <!-- Lesson5Java.MyWebsite -->
