<?xml version="1.0" encoding="UTF-8"?>
<!-- Generated by org.testng.reporters.JUnitReportReporter -->
<testsuite hostname="DESKTOP-I4FDV2H" failures="0" tests="7" name="CssSelectorMagento" time="8.538" errors="0" timestamp="2024-08-10T01:45:43 EET" skipped="1">
  <testcase classname="CssSelectorMagento" name="menList" time="2.141"/>
  <system-out/>
  <testcase classname="CssSelectorMagento" name="container" time="2.337"/>
  <system-out/>
  <testcase classname="CssSelectorMagento" name="selectSize" time="0.906"/>
  <system-out/>
  <testcase classname="CssSelectorMagento" name="selectColor" time="0.420"/>
  <system-out/>
  <testcase classname="CssSelectorMagento" name="AddButton" time="0.300"/>
  <system-out/>
  <testcase classname="CssSelectorMagento" name="SuccessMessage" time="2.434"/>
  <system-out/>
  <testcase classname="CssSelectorMagento" name="clickByCSSSelector">
    <skipped/>
  </testcase> <!-- clickByCSSSelector -->
  <system-out/>
</testsuite> <!-- CssSelectorMagento -->
