<?xml version="1.0" encoding="UTF-8"?>
<!-- Generated by org.testng.reporters.JUnitReportReporter -->
<testsuite hostname="DESKTOP-I4FDV2H" failures="0" tests="3" name="WebElemntsList" time="10.617" errors="0" timestamp="2024-08-02T20:49:13 EET" skipped="0">
  <testcase classname="WebElemntsList" name="login" time="1.261"/>
  <system-out/>
  <testcase classname="WebElemntsList" name="additems" time="4.546"/>
  <system-out/>
  <testcase classname="WebElemntsList" name="removeitems" time="4.810"/>
  <system-out/>
</testsuite> <!-- WebElemntsList -->
