<?xml version="1.0" encoding="UTF-8"?>
<!-- Generated by org.testng.reporters.JUnitReportReporter -->
<testsuite hostname="DESKTOP-I4FDV2H" failures="0" tests="5" name="domainWithArray" time="11.439" errors="0" timestamp="2024-08-05T23:30:30 EET" skipped="0">
  <testcase classname="domainWithArray" name="howToUseArrayForDomain" time="2.013"/>
  <system-out/>
  <testcase classname="domainWithArray" name="howToUseArrayForDomain" time="2.269"/>
  <system-out/>
  <testcase classname="domainWithArray" name="howToUseArrayForDomain" time="1.778"/>
  <system-out/>
  <testcase classname="domainWithArray" name="howToUseArrayForDomain" time="1.820"/>
  <system-out/>
  <testcase classname="domainWithArray" name="howToUseArrayForDomain" time="3.559"/>
  <system-out/>
</testsuite> <!-- domainWithArray -->
