<?xml version="1.0" encoding="UTF-8"?>
<!-- Generated by org.testng.reporters.JUnitReportReporter -->
<testsuite hostname="DESKTOP-I4FDV2H" failures="0" tests="12" name="homePage.TestCases" time="69.078" errors="0" timestamp="2024-08-23T23:44:00 EET" skipped="1">
  <testcase classname="homePage.TestCases" name="CheckTheLanguage" time="0.612"/>
  <system-out/>
  <testcase classname="homePage.TestCases" name="CheckTheCurrrency" time="1.701"/>
  <system-out/>
  <testcase classname="homePage.TestCases" name="CheckContactNumber" time="0.283"/>
  <system-out/>
  <testcase classname="homePage.TestCases" name="CheckLOGO" time="0.149"/>
  <system-out/>
  <testcase classname="homePage.TestCases" name="FlightTab" time="0.131"/>
  <system-out/>
  <testcase classname="homePage.TestCases" name="CheckDates" time="0.191"/>
  <system-out/>
  <testcase classname="homePage.TestCases" name="ChangeLanguage" time="5.108"/>
  <system-out/>
  <testcase classname="homePage.TestCases" name="HotelTab2" time="5.849"/>
  <system-out/>
  <testcase classname="homePage.TestCases" name="randomlySelectRoom" time="19.650"/>
  <system-out/>
  <testcase classname="homePage.TestCases" name="assertforSearching" time="29.955"/>
  <system-out/>
  <testcase classname="homePage.TestCases" name="FromLowestToHighestPrice" time="5.449"/>
  <system-out/>
  <testcase classname="homePage.TestCases" name="HotelTab">
    <skipped/>
  </testcase> <!-- HotelTab -->
  <system-out/>
</testsuite> <!-- homePage.TestCases -->
